<?xml version="1.0" encoding="UTF-8"?>
<!-- Generated by org.testng.reporters.JUnitReportReporter -->
<testsuite skipped="0" hostname="LAPTOP-FB68D8EQ" name="com.amazon.qa.testcases.HomePageTest" tests="1" failures="0" timestamp="2020-03-30T14:37:39 NZDT" time="13.576" errors="0">
  <testcase name="TitleTest" time="13.576" classname="com.amazon.qa.testcases.HomePageTest"/>
  <system-out/>
</testsuite> <!-- com.amazon.qa.testcases.HomePageTest -->
