<?xml version="1.0" encoding="UTF-8"?>
<!-- Generated by org.testng.reporters.JUnitReportReporter -->
<testsuite skipped="0" hostname="LAPTOP-FB68D8EQ" name="com.amazon.qa.testcases.HomePageTest" tests="2" failures="0" timestamp="2020-04-01T16:34:08 NZDT" time="25.960" errors="0">
  <testcase name="TitleTest" time="11.518" classname="com.amazon.qa.testcases.HomePageTest"/>
  <system-out/>
  <testcase name="signinButtonTest" time="14.442" classname="com.amazon.qa.testcases.HomePageTest"/>
  <system-out/>
</testsuite> <!-- com.amazon.qa.testcases.HomePageTest -->
