<?xml version="1.0" encoding="UTF-8"?>
<!-- Generated by org.testng.reporters.JUnitReportReporter -->
<testsuite skipped="0" hostname="LAPTOP-FB68D8EQ" name="com.amazon.qa.testcases.HomePageTest" tests="2" failures="0" timestamp="2020-04-01T12:38:12 NZDT" time="27.675" errors="0">
  <testcase name="TitleTest" time="12.907" classname="com.amazon.qa.testcases.HomePageTest"/>
  <system-out/>
  <testcase name="signinButtonTest" time="14.768" classname="com.amazon.qa.testcases.HomePageTest"/>
  <system-out/>
</testsuite> <!-- com.amazon.qa.testcases.HomePageTest -->
