<?xml version="1.0" encoding="UTF-8"?>
<!-- Generated by org.testng.reporters.JUnitReportReporter -->
<testsuite skipped="0" hostname="LAPTOP-FB68D8EQ" name="com.amazon.qa.testcases.SigninPageTest" tests="1" failures="0" timestamp="2020-03-30T14:36:22 NZDT" time="13.484" errors="0">
  <testcase name="signinButtonTest" time="13.484" classname="com.amazon.qa.testcases.SigninPageTest"/>
  <system-out/>
</testsuite> <!-- com.amazon.qa.testcases.SigninPageTest -->
